<?xml version="1.0" encoding="UTF-8"?>
<testsuite xmlns:xsi="http://www.w3.org/2001/XMLSchema-instance" xsi:noNamespaceSchemaLocation="https://maven.apache.org/surefire/maven-surefire-plugin/xsd/surefire-test-report.xsd" version="3.0.2" name="com.six.indexreview.domain.rule.JoinerLeaverRuleTest" time="0.002" tests="1" errors="0" skipped="0" failures="0">
  <properties>
[...]
</properties>
  <testcase name="identifiesJoinerLeaverUnchangedAndNotSelected" classname="com.six.indexreview.domain.rule.JoinerLeaverRuleTest" time="0.002">
    <system-out><![CDATA[2026-08-11T11:04:10.000+02:00  INFO 50252 --- [index-review] [           main] c.s.i.d.r.impl.DefaultJoinerLeaverRule   : Starting rule IDENTIFY_JOINERS_LEAVERS
2026-08-11T11:04:10.000+02:00  INFO 50252 --- [index-review] [           main] c.s.i.d.r.impl.DefaultJoinerLeaverRule   : Completed rule IDENTIFY_JOINERS_LEAVERS joiners=1 leavers=1
]]></system-out>
  </testcase>
</testsuite>