<?xml version="1.0" encoding="UTF-8"?>
<testsuite xmlns:xsi="http://www.w3.org/2001/XMLSchema-instance" xsi:noNamespaceSchemaLocation="https://maven.apache.org/surefire/maven-surefire-plugin/xsd/surefire-test-report.xsd" version="3.0.2" name="com.six.indexreview.IndexReviewServiceIntegrationTest" time="1.395" tests="1" errors="0" skipped="0" failures="0">
  <properties>
[...]
</properties>
  <testcase name="suppliedQ3DataProducesExpectedPureTopTwentyReview" classname="com.six.indexreview.IndexReviewServiceIntegrationTest" time="0.581">
    <system-out><![CDATA[2026-08-11T11:04:10.021+02:00  INFO 50252 --- [index-review] [           main] t.c.s.AnnotationConfigContextLoaderUtils : Could not detect default configuration classes for test class [com.six.indexreview.IndexReviewServiceIntegrationTest]: IndexReviewServiceIntegrationTest does not declare any static, non-private, non-final, nested classes annotated with @Configuration.
2026-08-11T11:04:10.039+02:00  INFO 50252 --- [index-review] [           main] .b.t.c.SpringBootTestContextBootstrapper : Found @SpringBootConfiguration com.six.indexreview.IndexReviewApplication for test class com.six.indexreview.IndexReviewServiceIntegrationTest

  .   ____          _            __ _ _
 /\\ / ___'_ __ _ _(_)_ __  __ _ \ \ \ \
( ( )\___ | '_ | '_| | '_ \/ _` | \ \ \ \
 \\/  ___)| |_)| | | | | || (_| |  ) ) ) )
  '  |____| .__|_| |_|_| |_\__, | / / / /
 =========|_|==============|___/=/_/_/_/

 :: Spring Boot ::                (v3.4.3)

2026-08-11T11:04:10.074+02:00  INFO 50252 --- [index-review] [           main] c.s.i.IndexReviewServiceIntegrationTest  : Starting IndexReviewServiceIntegrationTest using Java 21.0.11 with PID 50252 (started by e559706 in C:\Users\e559706\Documents\work\sbb\bitbacket-repos\six_index_it)
2026-08-11T11:04:10.074+02:00  INFO 50252 --- [index-review] [           main] c.s.i.IndexReviewServiceIntegrationTest  : No active profile set, falling back to 1 default profile: "default"
2026-08-11T11:04:10.285+02:00  INFO 50252 --- [index-review] [           main] .s.d.r.c.RepositoryConfigurationDelegate : Bootstrapping Spring Data JPA repositories in DEFAULT mode.
2026-08-11T11:04:10.300+02:00  INFO 50252 --- [index-review] [           main] .s.d.r.c.RepositoryConfigurationDelegate : Finished Spring Data repository scanning in 14 ms. Found 6 JPA repository interfaces.
2026-08-11T11:04:10.407+02:00  INFO 50252 --- [index-review] [           main] o.hibernate.jpa.internal.util.LogHelper  : HHH000204: Processing PersistenceUnitInfo [name: default]
2026-08-11T11:04:10.410+02:00  INFO 50252 --- [index-review] [           main] o.h.c.internal.RegionFactoryInitiator    : HHH000026: Second-level cache disabled
2026-08-11T11:04:10.420+02:00  INFO 50252 --- [index-review] [           main] o.s.o.j.p.SpringPersistenceUnitInfo      : No LoadTimeWeaver setup: ignoring JPA class transformer
2026-08-11T11:04:10.421+02:00  INFO 50252 --- [index-review] [           main] com.zaxxer.hikari.HikariDataSource       : HikariPool-2 - Starting...
2026-08-11T11:04:10.423+02:00  INFO 50252 --- [index-review] [           main] com.zaxxer.hikari.pool.HikariPool        : HikariPool-2 - Added connection conn10: url=jdbc:h2:mem:indexreview user=SA
2026-08-11T11:04:10.423+02:00  INFO 50252 --- [index-review] [           main] com.zaxxer.hikari.HikariDataSource       : HikariPool-2 - Start completed.
2026-08-11T11:04:10.424+02:00  INFO 50252 --- [index-review] [           main] org.hibernate.orm.connections.pooling    : HHH10001005: Database info:
	Database JDBC URL [Connecting through datasource 'HikariDataSource (HikariPool-2)']
	Database driver: undefined/unknown
	Database version: 2.3.232
	Autocommit mode: undefined/unknown
	Isolation level: undefined/unknown
	Minimum pool size: undefined/unknown
	Maximum pool size: undefined/unknown
2026-08-11T11:04:10.604+02:00  INFO 50252 --- [index-review] [           main] o.h.e.t.j.p.i.JtaPlatformInitiator       : HHH000489: No JTA platform available (set 'hibernate.transaction.jta.platform' to enable JTA platform integration)
2026-08-11T11:04:10.621+02:00  INFO 50252 --- [index-review] [           main] j.LocalContainerEntityManagerFactoryBean : Initialized JPA EntityManagerFactory for persistence unit 'default'
2026-08-11T11:04:10.814+02:00  INFO 50252 --- [index-review] [           main] o.s.b.a.h2.H2ConsoleAutoConfiguration    : H2 console available at '/h2-console'. Database available at 'jdbc:h2:mem:indexreview'
2026-08-11T11:04:10.828+02:00  INFO 50252 --- [index-review] [           main] c.s.i.IndexReviewServiceIntegrationTest  : Started IndexReviewServiceIntegrationTest in 0.785 seconds (process running for 12.416)
2026-08-11T11:04:10.836+02:00  WARN 50252 --- [index-review] [           main] c.s.i.application.CsvImportService       : Deduplicated 204 identical SPI universe rows
2026-08-11T11:04:10.884+02:00  INFO 50252 --- [index-review] [           main] c.s.i.application.CsvImportService       : Imported SPI universe rows=409 uniqueRows=205
2026-08-11T11:04:10.934+02:00  INFO 50252 --- [index-review] [           main] c.s.i.application.CsvImportService       : Imported market data rows=409 uniqueRows=409
2026-08-11T11:04:10.938+02:00  INFO 50252 --- [index-review] [           main] c.s.i.i.config.IndexDefinitionProvider   : Loaded index configuration indexCode=SMI reviewPeriod=Q3-2026 constituentCount=20 maxWeight=0.18
2026-08-11T11:04:10.946+02:00  INFO 50252 --- [index-review] [           main] c.s.i.application.CsvImportService       : Imported composition indexCode=SMI reviewPeriod=Q3-2026 members=20
2026-08-11T11:04:10.947+02:00  INFO 50252 --- [index-review] [           main] c.s.i.i.config.IndexDefinitionProvider   : Loaded index configuration indexCode=SMI reviewPeriod=Q3-2026 constituentCount=20 maxWeight=0.18
2026-08-11T11:04:10.947+02:00  INFO 50252 --- [index-review] [           main] c.s.i.application.IndexReviewService     : Index review started indexCode=SMI reviewPeriod=Q3-2026 cutOffDate=2026-09-10 reviewDate=2026-09-21
2026-08-11T11:04:10.962+02:00  INFO 50252 --- [index-review] [           main] c.s.i.application.IndexReviewService     : Loaded review inputs universe=205 cutOffMarketData=205 reviewMarketData=204 currentComposition=20
2026-08-11T11:04:10.963+02:00  INFO 50252 --- [index-review] [           main] c.s.i.domain.engine.IndexReviewEngine    : Executing review rule pipeline indexCode=SMI reviewPeriod=Q3-2026 ruleCount=9
2026-08-11T11:04:10.963+02:00  INFO 50252 --- [index-review] [           main] c.s.i.d.r.i.DefaultDataValidationRule    : Starting rule VALIDATE_INPUT_DATA
2026-08-11T11:04:10.963+02:00  WARN 50252 --- [index-review] [           main] c.s.i.validation.DataValidationService   : Security 166 has no valid review-date shares; it will be rejected
2026-08-11T11:04:10.963+02:00  WARN 50252 --- [index-review] [           main] c.s.i.validation.DataValidationService   : Security 166 has an invalid review-date free float; it will be rejected
2026-08-11T11:04:10.963+02:00  INFO 50252 --- [index-review] [           main] c.s.i.d.r.i.DefaultDataValidationRule    : Completed rule VALIDATE_INPUT_DATA
2026-08-11T11:04:10.963+02:00  INFO 50252 --- [index-review] [           main] c.s.i.d.r.i.SpiUniverseEligibilityRule   : Starting rule BUILD_ELIGIBLE_UNIVERSE universeSize=205
2026-08-11T11:04:10.964+02:00  INFO 50252 --- [index-review] [           main] c.s.i.d.r.i.SpiUniverseEligibilityRule   : Completed rule BUILD_ELIGIBLE_UNIVERSE eligible=204 rejected=1
2026-08-11T11:04:10.965+02:00  INFO 50252 --- [index-review] [           main] c.s.i.d.rule.impl.FfmcapRankingRule      : Starting rule CALCULATE_AND_RANK_FFMCAP eligible=204
2026-08-11T11:04:10.968+02:00  INFO 50252 --- [index-review] [           main] c.s.i.d.rule.impl.FfmcapRankingRule      : Completed rule CALCULATE_AND_RANK_FFMCAP ranked=204
2026-08-11T11:04:10.968+02:00  INFO 50252 --- [index-review] [           main] c.s.i.d.rule.impl.TopNSelectionRule      : Starting rule APPLY_TOP_N_SELECTION constituentCount=20
2026-08-11T11:04:10.968+02:00  INFO 50252 --- [index-review] [           main] c.s.i.d.rule.impl.TopNSelectionRule      : Completed rule APPLY_TOP_N_SELECTION selected=20
2026-08-11T11:04:10.968+02:00  WARN 50252 --- [index-review] [           main] c.s.i.domain.rule.impl.NoOpBufferRule    : Buffer rule configured as NONE. Pure top-N selection applied.
2026-08-11T11:04:10.968+02:00  INFO 50252 --- [index-review] [           main] c.s.i.d.r.impl.DefaultJoinerLeaverRule   : Starting rule IDENTIFY_JOINERS_LEAVERS
2026-08-11T11:04:10.968+02:00  INFO 50252 --- [index-review] [           main] c.s.i.d.r.impl.DefaultJoinerLeaverRule   : Completed rule IDENTIFY_JOINERS_LEAVERS joiners=3 leavers=3
2026-08-11T11:04:10.969+02:00  INFO 50252 --- [index-review] [           main] c.s.i.d.r.i.FfmcapWeightCalculationRule  : Starting rule CALCULATE_RAW_WEIGHTS selected=20
2026-08-11T11:04:10.969+02:00  INFO 50252 --- [index-review] [           main] i.IterativeProportionalWeightCappingRule : Starting rule APPLY_WEIGHT_CAP maxWeight=0.18 selected=20
2026-08-11T11:04:10.970+02:00  INFO 50252 --- [index-review] [           main] i.IterativeProportionalWeightCappingRule : Completed rule APPLY_WEIGHT_CAP finalWeightSum=1.0000000000
2026-08-11T11:04:10.970+02:00  INFO 50252 --- [index-review] [           main] c.s.i.d.r.impl.DefaultAuditReportRule    : Starting rule GENERATE_AUDIT_TRAIL
2026-08-11T11:04:10.970+02:00  INFO 50252 --- [index-review] [           main] c.s.i.d.r.impl.DefaultAuditReportRule    : Completed rule GENERATE_AUDIT_TRAIL auditEvents=884 weightSum=1.0000000000
2026-08-11T11:04:11.053+02:00  INFO 50252 --- [index-review] [           main] c.s.i.application.IndexReviewService     : Index review completed reviewResultId=1 eligible=204 selected=20 joiners=3 leavers=3
]]></system-out>
  </testcase>
</testsuite>